
*** Running vivado
    with args -log aurora_64b66b_0_reg_slice_0.vds -m64 -product Vivado -mode batch -messageDb vivado.pb -notrace -source aurora_64b66b_0_reg_slice_0.tcl


****** Vivado v2018.1 (64-bit)
  **** SW Build 2188600 on Wed Apr  4 18:39:19 MDT 2018
  **** IP Build 2185939 on Wed Apr  4 20:55:05 MDT 2018
    ** Copyright 1986-2018 Xilinx, Inc. All Rights Reserved.

source aurora_64b66b_0_reg_slice_0.tcl -notrace
Command: synth_design -top aurora_64b66b_0_reg_slice_0 -part xczu7ev-ffvc1156-2-e -mode out_of_context
Starting synth_design
Attempting to get a license for feature 'Synthesis' and/or device 'xczu7ev'
INFO: [Common 17-349] Got license for feature 'Synthesis' and/or device 'xczu7ev'
INFO: Launching helper process for spawning children vivado processes
INFO: Helper process launched with PID 17170 
---------------------------------------------------------------------------------
Starting RTL Elaboration : Time (s): cpu = 00:00:07 ; elapsed = 00:00:07 . Memory (MB): peak = 1559.738 ; gain = 0.000 ; free physical = 3513 ; free virtual = 6757
---------------------------------------------------------------------------------
INFO: [Synth 8-6157] synthesizing module 'aurora_64b66b_0_reg_slice_0' [/home/callie/Desktop/xilinxauroratest2/aurora_64b66b_0_ex/aurora_64b66b_0_ex.srcs/sources_1/ip/aurora_64b66b_0_reg_slice_0/synth/aurora_64b66b_0_reg_slice_0.v:58]
INFO: [Synth 8-6157] synthesizing module 'axis_register_slice_v1_1_16_axis_register_slice' [/home/callie/Desktop/xilinxauroratest2/aurora_64b66b_0_ex/aurora_64b66b_0_ex.srcs/sources_1/ip/aurora_64b66b_0_reg_slice_0/hdl/axis_register_slice_v1_1_vl_rfs.v:2254]
	Parameter C_FAMILY bound to: zynquplus - type: string 
	Parameter C_AXIS_TDATA_WIDTH bound to: 64 - type: integer 
	Parameter C_AXIS_TID_WIDTH bound to: 1 - type: integer 
	Parameter C_AXIS_TDEST_WIDTH bound to: 1 - type: integer 
	Parameter C_AXIS_TUSER_WIDTH bound to: 1 - type: integer 
	Parameter C_AXIS_SIGNAL_SET bound to: 32'b00000000000000000000000000011011 
	Parameter C_REG_CONFIG bound to: 1 - type: integer 
	Parameter C_NUM_SLR_CROSSINGS bound to: 0 - type: integer 
	Parameter C_PIPELINES_MASTER bound to: 0 - type: integer 
	Parameter C_PIPELINES_SLAVE bound to: 0 - type: integer 
	Parameter C_PIPELINES_MIDDLE bound to: 0 - type: integer 
	Parameter G_INDX_SS_TREADY bound to: 0 - type: integer 
	Parameter G_INDX_SS_TDATA bound to: 1 - type: integer 
	Parameter G_INDX_SS_TSTRB bound to: 2 - type: integer 
	Parameter G_INDX_SS_TKEEP bound to: 3 - type: integer 
	Parameter G_INDX_SS_TLAST bound to: 4 - type: integer 
	Parameter G_INDX_SS_TID bound to: 5 - type: integer 
	Parameter G_INDX_SS_TDEST bound to: 6 - type: integer 
	Parameter G_INDX_SS_TUSER bound to: 7 - type: integer 
	Parameter G_MASK_SS_TREADY bound to: 1 - type: integer 
	Parameter G_MASK_SS_TDATA bound to: 2 - type: integer 
	Parameter G_MASK_SS_TSTRB bound to: 4 - type: integer 
	Parameter G_MASK_SS_TKEEP bound to: 8 - type: integer 
	Parameter G_MASK_SS_TLAST bound to: 16 - type: integer 
	Parameter G_MASK_SS_TID bound to: 32 - type: integer 
	Parameter G_MASK_SS_TDEST bound to: 64 - type: integer 
	Parameter G_MASK_SS_TUSER bound to: 128 - type: integer 
	Parameter G_TASK_SEVERITY_ERR bound to: 2 - type: integer 
	Parameter G_TASK_SEVERITY_WARNING bound to: 1 - type: integer 
	Parameter G_TASK_SEVERITY_INFO bound to: 0 - type: integer 
	Parameter P_TPAYLOAD_WIDTH bound to: 73 - type: integer 
INFO: [Synth 8-6157] synthesizing module 'axis_infrastructure_v1_1_0_util_axis2vector' [/home/callie/Desktop/xilinxauroratest2/aurora_64b66b_0_ex/aurora_64b66b_0_ex.srcs/sources_1/ip/aurora_64b66b_0_reg_slice_0/hdl/axis_infrastructure_v1_1_vl_rfs.v:810]
	Parameter C_TDATA_WIDTH bound to: 64 - type: integer 
	Parameter C_TID_WIDTH bound to: 1 - type: integer 
	Parameter C_TDEST_WIDTH bound to: 1 - type: integer 
	Parameter C_TUSER_WIDTH bound to: 1 - type: integer 
	Parameter C_TPAYLOAD_WIDTH bound to: 73 - type: integer 
	Parameter C_SIGNAL_SET bound to: 32'b00000000000000000000000000011011 
	Parameter G_INDX_SS_TREADY bound to: 0 - type: integer 
	Parameter G_INDX_SS_TDATA bound to: 1 - type: integer 
	Parameter G_INDX_SS_TSTRB bound to: 2 - type: integer 
	Parameter G_INDX_SS_TKEEP bound to: 3 - type: integer 
	Parameter G_INDX_SS_TLAST bound to: 4 - type: integer 
	Parameter G_INDX_SS_TID bound to: 5 - type: integer 
	Parameter G_INDX_SS_TDEST bound to: 6 - type: integer 
	Parameter G_INDX_SS_TUSER bound to: 7 - type: integer 
	Parameter G_MASK_SS_TREADY bound to: 1 - type: integer 
	Parameter G_MASK_SS_TDATA bound to: 2 - type: integer 
	Parameter G_MASK_SS_TSTRB bound to: 4 - type: integer 
	Parameter G_MASK_SS_TKEEP bound to: 8 - type: integer 
	Parameter G_MASK_SS_TLAST bound to: 16 - type: integer 
	Parameter G_MASK_SS_TID bound to: 32 - type: integer 
	Parameter G_MASK_SS_TDEST bound to: 64 - type: integer 
	Parameter G_MASK_SS_TUSER bound to: 128 - type: integer 
	Parameter G_TASK_SEVERITY_ERR bound to: 2 - type: integer 
	Parameter G_TASK_SEVERITY_WARNING bound to: 1 - type: integer 
	Parameter G_TASK_SEVERITY_INFO bound to: 0 - type: integer 
	Parameter P_TDATA_INDX bound to: 0 - type: integer 
	Parameter P_TSTRB_INDX bound to: 64 - type: integer 
	Parameter P_TKEEP_INDX bound to: 64 - type: integer 
	Parameter P_TLAST_INDX bound to: 72 - type: integer 
	Parameter P_TID_INDX bound to: 73 - type: integer 
	Parameter P_TDEST_INDX bound to: 73 - type: integer 
	Parameter P_TUSER_INDX bound to: 73 - type: integer 
INFO: [Synth 8-6155] done synthesizing module 'axis_infrastructure_v1_1_0_util_axis2vector' (1#1) [/home/callie/Desktop/xilinxauroratest2/aurora_64b66b_0_ex/aurora_64b66b_0_ex.srcs/sources_1/ip/aurora_64b66b_0_reg_slice_0/hdl/axis_infrastructure_v1_1_vl_rfs.v:810]
INFO: [Synth 8-6157] synthesizing module 'axis_register_slice_v1_1_16_axisc_register_slice' [/home/callie/Desktop/xilinxauroratest2/aurora_64b66b_0_ex/aurora_64b66b_0_ex.srcs/sources_1/ip/aurora_64b66b_0_reg_slice_0/hdl/axis_register_slice_v1_1_vl_rfs.v:1443]
	Parameter C_FAMILY bound to: zynquplus - type: string 
	Parameter C_DATA_WIDTH bound to: 73 - type: integer 
	Parameter C_REG_CONFIG bound to: 1 - type: integer 
	Parameter C_NUM_SLR_CROSSINGS bound to: 0 - type: integer 
	Parameter C_PIPELINES_MASTER bound to: 0 - type: integer 
	Parameter C_PIPELINES_SLAVE bound to: 0 - type: integer 
	Parameter C_PIPELINES_MIDDLE bound to: 0 - type: integer 
INFO: [Synth 8-5534] Detected attribute (* fsm_encoding = "none" *) [/home/callie/Desktop/xilinxauroratest2/aurora_64b66b_0_ex/aurora_64b66b_0_ex.srcs/sources_1/ip/aurora_64b66b_0_reg_slice_0/hdl/axis_register_slice_v1_1_vl_rfs.v:1635]
INFO: [Synth 8-6155] done synthesizing module 'axis_register_slice_v1_1_16_axisc_register_slice' (2#1) [/home/callie/Desktop/xilinxauroratest2/aurora_64b66b_0_ex/aurora_64b66b_0_ex.srcs/sources_1/ip/aurora_64b66b_0_reg_slice_0/hdl/axis_register_slice_v1_1_vl_rfs.v:1443]
INFO: [Synth 8-6157] synthesizing module 'axis_infrastructure_v1_1_0_util_vector2axis' [/home/callie/Desktop/xilinxauroratest2/aurora_64b66b_0_ex/aurora_64b66b_0_ex.srcs/sources_1/ip/aurora_64b66b_0_reg_slice_0/hdl/axis_infrastructure_v1_1_vl_rfs.v:992]
	Parameter C_TDATA_WIDTH bound to: 64 - type: integer 
	Parameter C_TID_WIDTH bound to: 1 - type: integer 
	Parameter C_TDEST_WIDTH bound to: 1 - type: integer 
	Parameter C_TUSER_WIDTH bound to: 1 - type: integer 
	Parameter C_TPAYLOAD_WIDTH bound to: 73 - type: integer 
	Parameter C_SIGNAL_SET bound to: 32'b00000000000000000000000000011011 
	Parameter G_INDX_SS_TREADY bound to: 0 - type: integer 
	Parameter G_INDX_SS_TDATA bound to: 1 - type: integer 
	Parameter G_INDX_SS_TSTRB bound to: 2 - type: integer 
	Parameter G_INDX_SS_TKEEP bound to: 3 - type: integer 
	Parameter G_INDX_SS_TLAST bound to: 4 - type: integer 
	Parameter G_INDX_SS_TID bound to: 5 - type: integer 
	Parameter G_INDX_SS_TDEST bound to: 6 - type: integer 
	Parameter G_INDX_SS_TUSER bound to: 7 - type: integer 
	Parameter G_MASK_SS_TREADY bound to: 1 - type: integer 
	Parameter G_MASK_SS_TDATA bound to: 2 - type: integer 
	Parameter G_MASK_SS_TSTRB bound to: 4 - type: integer 
	Parameter G_MASK_SS_TKEEP bound to: 8 - type: integer 
	Parameter G_MASK_SS_TLAST bound to: 16 - type: integer 
	Parameter G_MASK_SS_TID bound to: 32 - type: integer 
	Parameter G_MASK_SS_TDEST bound to: 64 - type: integer 
	Parameter G_MASK_SS_TUSER bound to: 128 - type: integer 
	Parameter G_TASK_SEVERITY_ERR bound to: 2 - type: integer 
	Parameter G_TASK_SEVERITY_WARNING bound to: 1 - type: integer 
	Parameter G_TASK_SEVERITY_INFO bound to: 0 - type: integer 
	Parameter P_TDATA_INDX bound to: 0 - type: integer 
	Parameter P_TSTRB_INDX bound to: 64 - type: integer 
	Parameter P_TKEEP_INDX bound to: 64 - type: integer 
	Parameter P_TLAST_INDX bound to: 72 - type: integer 
	Parameter P_TID_INDX bound to: 73 - type: integer 
	Parameter P_TDEST_INDX bound to: 73 - type: integer 
	Parameter P_TUSER_INDX bound to: 73 - type: integer 
INFO: [Synth 8-6155] done synthesizing module 'axis_infrastructure_v1_1_0_util_vector2axis' (3#1) [/home/callie/Desktop/xilinxauroratest2/aurora_64b66b_0_ex/aurora_64b66b_0_ex.srcs/sources_1/ip/aurora_64b66b_0_reg_slice_0/hdl/axis_infrastructure_v1_1_vl_rfs.v:992]
INFO: [Synth 8-6155] done synthesizing module 'axis_register_slice_v1_1_16_axis_register_slice' (4#1) [/home/callie/Desktop/xilinxauroratest2/aurora_64b66b_0_ex/aurora_64b66b_0_ex.srcs/sources_1/ip/aurora_64b66b_0_reg_slice_0/hdl/axis_register_slice_v1_1_vl_rfs.v:2254]
INFO: [Synth 8-6155] done synthesizing module 'aurora_64b66b_0_reg_slice_0' (5#1) [/home/callie/Desktop/xilinxauroratest2/aurora_64b66b_0_ex/aurora_64b66b_0_ex.srcs/sources_1/ip/aurora_64b66b_0_reg_slice_0/synth/aurora_64b66b_0_reg_slice_0.v:58]
WARNING: [Synth 8-3331] design axis_register_slice_v1_1_16_axisc_register_slice has unconnected port ACLK2X
WARNING: [Synth 8-3331] design axis_infrastructure_v1_1_0_util_axis2vector has unconnected port TSTRB[7]
WARNING: [Synth 8-3331] design axis_infrastructure_v1_1_0_util_axis2vector has unconnected port TSTRB[6]
WARNING: [Synth 8-3331] design axis_infrastructure_v1_1_0_util_axis2vector has unconnected port TSTRB[5]
WARNING: [Synth 8-3331] design axis_infrastructure_v1_1_0_util_axis2vector has unconnected port TSTRB[4]
WARNING: [Synth 8-3331] design axis_infrastructure_v1_1_0_util_axis2vector has unconnected port TSTRB[3]
WARNING: [Synth 8-3331] design axis_infrastructure_v1_1_0_util_axis2vector has unconnected port TSTRB[2]
WARNING: [Synth 8-3331] design axis_infrastructure_v1_1_0_util_axis2vector has unconnected port TSTRB[1]
WARNING: [Synth 8-3331] design axis_infrastructure_v1_1_0_util_axis2vector has unconnected port TSTRB[0]
WARNING: [Synth 8-3331] design axis_infrastructure_v1_1_0_util_axis2vector has unconnected port TID[0]
WARNING: [Synth 8-3331] design axis_infrastructure_v1_1_0_util_axis2vector has unconnected port TDEST[0]
WARNING: [Synth 8-3331] design axis_infrastructure_v1_1_0_util_axis2vector has unconnected port TUSER[0]
---------------------------------------------------------------------------------
Finished RTL Elaboration : Time (s): cpu = 00:00:07 ; elapsed = 00:00:08 . Memory (MB): peak = 1559.738 ; gain = 0.000 ; free physical = 3527 ; free virtual = 6772
---------------------------------------------------------------------------------

Report Check Netlist: 
+------+------------------+-------+---------+-------+------------------+
|      |Item              |Errors |Warnings |Status |Description       |
+------+------------------+-------+---------+-------+------------------+
|1     |multi_driven_nets |      0|        0|Passed |Multi driven nets |
+------+------------------+-------+---------+-------+------------------+
---------------------------------------------------------------------------------
Start Handling Custom Attributes
---------------------------------------------------------------------------------
---------------------------------------------------------------------------------
Finished Handling Custom Attributes : Time (s): cpu = 00:00:07 ; elapsed = 00:00:08 . Memory (MB): peak = 1559.738 ; gain = 0.000 ; free physical = 3527 ; free virtual = 6771
---------------------------------------------------------------------------------
---------------------------------------------------------------------------------
Finished RTL Optimization Phase 1 : Time (s): cpu = 00:00:07 ; elapsed = 00:00:08 . Memory (MB): peak = 1559.738 ; gain = 0.000 ; free physical = 3527 ; free virtual = 6771
---------------------------------------------------------------------------------
INFO: [Device 21-403] Loading part xczu7ev-ffvc1156-2-e
INFO: [Project 1-570] Preparing netlist for logic optimization

Processing XDC Constraints
Initializing timing engine
Parsing XDC File [/home/callie/Desktop/xilinxauroratest2/aurora_64b66b_0_ex/aurora_64b66b_0_ex.srcs/sources_1/ip/aurora_64b66b_0_reg_slice_0/aurora_64b66b_0_reg_slice_0_ooc.xdc] for cell 'inst'
Finished Parsing XDC File [/home/callie/Desktop/xilinxauroratest2/aurora_64b66b_0_ex/aurora_64b66b_0_ex.srcs/sources_1/ip/aurora_64b66b_0_reg_slice_0/aurora_64b66b_0_reg_slice_0_ooc.xdc] for cell 'inst'
Parsing XDC File [/home/callie/Desktop/xilinxauroratest2/aurora_64b66b_0_ex/aurora_64b66b_0_ex.runs/aurora_64b66b_0_reg_slice_0_synth_1/dont_touch.xdc]
Finished Parsing XDC File [/home/callie/Desktop/xilinxauroratest2/aurora_64b66b_0_ex/aurora_64b66b_0_ex.runs/aurora_64b66b_0_reg_slice_0_synth_1/dont_touch.xdc]
Parsing XDC File [/home/callie/Desktop/xilinxauroratest2/aurora_64b66b_0_ex/aurora_64b66b_0_ex.srcs/sources_1/ip/aurora_64b66b_0_reg_slice_0/aurora_64b66b_0_reg_slice_0_clocks.xdc] for cell 'inst'
Finished Parsing XDC File [/home/callie/Desktop/xilinxauroratest2/aurora_64b66b_0_ex/aurora_64b66b_0_ex.srcs/sources_1/ip/aurora_64b66b_0_reg_slice_0/aurora_64b66b_0_reg_slice_0_clocks.xdc] for cell 'inst'
Completed Processing XDC Constraints

INFO: [Project 1-111] Unisim Transformation Summary:
No Unisim elements were transformed.

Constraint Validation Runtime : Time (s): cpu = 00:00:00.01 ; elapsed = 00:00:00.02 . Memory (MB): peak = 2477.738 ; gain = 0.000 ; free physical = 2681 ; free virtual = 5927
---------------------------------------------------------------------------------
Finished Constraint Validation : Time (s): cpu = 00:00:26 ; elapsed = 00:00:50 . Memory (MB): peak = 2477.738 ; gain = 918.000 ; free physical = 2740 ; free virtual = 5986
---------------------------------------------------------------------------------
---------------------------------------------------------------------------------
Start Loading Part and Timing Information
---------------------------------------------------------------------------------
Loading part: xczu7ev-ffvc1156-2-e
---------------------------------------------------------------------------------
Finished Loading Part and Timing Information : Time (s): cpu = 00:00:26 ; elapsed = 00:00:50 . Memory (MB): peak = 2477.738 ; gain = 918.000 ; free physical = 2740 ; free virtual = 5986
---------------------------------------------------------------------------------
---------------------------------------------------------------------------------
Start Applying 'set_property' XDC Constraints
---------------------------------------------------------------------------------
Applied set_property DONT_TOUCH = true for inst. (constraint file  /home/callie/Desktop/xilinxauroratest2/aurora_64b66b_0_ex/aurora_64b66b_0_ex.runs/aurora_64b66b_0_reg_slice_0_synth_1/dont_touch.xdc, line 9).
---------------------------------------------------------------------------------
Finished applying 'set_property' XDC Constraints : Time (s): cpu = 00:00:26 ; elapsed = 00:00:50 . Memory (MB): peak = 2477.738 ; gain = 918.000 ; free physical = 2740 ; free virtual = 5986
---------------------------------------------------------------------------------
INFO: [Synth 8-4490] FSM extraction disabled for register 'gen_AB_reg_slice.state_reg' through user attribute
---------------------------------------------------------------------------------
Finished RTL Optimization Phase 2 : Time (s): cpu = 00:00:26 ; elapsed = 00:00:50 . Memory (MB): peak = 2477.738 ; gain = 918.000 ; free physical = 2733 ; free virtual = 5979
---------------------------------------------------------------------------------

Report RTL Partitions: 
+-+--------------+------------+----------+
| |RTL Partition |Replication |Instances |
+-+--------------+------------+----------+
+-+--------------+------------+----------+
---------------------------------------------------------------------------------
Start RTL Component Statistics 
---------------------------------------------------------------------------------
Detailed RTL Component Info : 
+---Registers : 
	               73 Bit    Registers := 2     
	                2 Bit    Registers := 1     
	                1 Bit    Registers := 3     
+---Muxes : 
	   2 Input     73 Bit        Muxes := 1     
	   5 Input      2 Bit        Muxes := 1     
	   2 Input      1 Bit        Muxes := 1     
	   4 Input      1 Bit        Muxes := 1     
---------------------------------------------------------------------------------
Finished RTL Component Statistics 
---------------------------------------------------------------------------------
---------------------------------------------------------------------------------
Start RTL Hierarchical Component Statistics 
---------------------------------------------------------------------------------
Hierarchical RTL Component report 
Module axis_register_slice_v1_1_16_axisc_register_slice 
Detailed RTL Component Info : 
+---Registers : 
	               73 Bit    Registers := 2     
	                2 Bit    Registers := 1     
	                1 Bit    Registers := 2     
+---Muxes : 
	   2 Input     73 Bit        Muxes := 1     
	   5 Input      2 Bit        Muxes := 1     
	   2 Input      1 Bit        Muxes := 1     
	   4 Input      1 Bit        Muxes := 1     
Module axis_register_slice_v1_1_16_axis_register_slice 
Detailed RTL Component Info : 
+---Registers : 
	                1 Bit    Registers := 1     
---------------------------------------------------------------------------------
Finished RTL Hierarchical Component Statistics
---------------------------------------------------------------------------------
---------------------------------------------------------------------------------
Start Part Resource Summary
---------------------------------------------------------------------------------
Part Resources:
DSPs: 1728 (col length:144)
BRAMs: 624 (col length: RAMB18 144 RAMB36 72)
---------------------------------------------------------------------------------
Finished Part Resource Summary
---------------------------------------------------------------------------------
---------------------------------------------------------------------------------
Start Cross Boundary and Area Optimization
---------------------------------------------------------------------------------
Warning: Parallel synthesis criteria is not met 
WARNING: [Synth 8-3331] design axis_register_slice_v1_1_16_axis_register_slice has unconnected port aclk2x
WARNING: [Synth 8-3331] design axis_register_slice_v1_1_16_axis_register_slice has unconnected port s_axis_tstrb[7]
WARNING: [Synth 8-3331] design axis_register_slice_v1_1_16_axis_register_slice has unconnected port s_axis_tstrb[6]
WARNING: [Synth 8-3331] design axis_register_slice_v1_1_16_axis_register_slice has unconnected port s_axis_tstrb[5]
WARNING: [Synth 8-3331] design axis_register_slice_v1_1_16_axis_register_slice has unconnected port s_axis_tstrb[4]
WARNING: [Synth 8-3331] design axis_register_slice_v1_1_16_axis_register_slice has unconnected port s_axis_tstrb[3]
WARNING: [Synth 8-3331] design axis_register_slice_v1_1_16_axis_register_slice has unconnected port s_axis_tstrb[2]
WARNING: [Synth 8-3331] design axis_register_slice_v1_1_16_axis_register_slice has unconnected port s_axis_tstrb[1]
WARNING: [Synth 8-3331] design axis_register_slice_v1_1_16_axis_register_slice has unconnected port s_axis_tstrb[0]
WARNING: [Synth 8-3331] design axis_register_slice_v1_1_16_axis_register_slice has unconnected port s_axis_tid[0]
WARNING: [Synth 8-3331] design axis_register_slice_v1_1_16_axis_register_slice has unconnected port s_axis_tdest[0]
WARNING: [Synth 8-3331] design axis_register_slice_v1_1_16_axis_register_slice has unconnected port s_axis_tuser[0]
---------------------------------------------------------------------------------
Finished Cross Boundary and Area Optimization : Time (s): cpu = 00:00:27 ; elapsed = 00:00:50 . Memory (MB): peak = 2477.738 ; gain = 918.000 ; free physical = 2721 ; free virtual = 5969
---------------------------------------------------------------------------------

Report RTL Partitions: 
+-+--------------+------------+----------+
| |RTL Partition |Replication |Instances |
+-+--------------+------------+----------+
+-+--------------+------------+----------+
---------------------------------------------------------------------------------
Start Applying XDC Timing Constraints
---------------------------------------------------------------------------------
---------------------------------------------------------------------------------
Finished Applying XDC Timing Constraints : Time (s): cpu = 00:00:51 ; elapsed = 00:01:35 . Memory (MB): peak = 2899.918 ; gain = 1340.180 ; free physical = 1952 ; free virtual = 5204
---------------------------------------------------------------------------------
---------------------------------------------------------------------------------
Start Timing Optimization
---------------------------------------------------------------------------------
---------------------------------------------------------------------------------
Finished Timing Optimization : Time (s): cpu = 00:00:51 ; elapsed = 00:01:35 . Memory (MB): peak = 2909.934 ; gain = 1350.195 ; free physical = 1952 ; free virtual = 5203
---------------------------------------------------------------------------------

Report RTL Partitions: 
+-+--------------+------------+----------+
| |RTL Partition |Replication |Instances |
+-+--------------+------------+----------+
+-+--------------+------------+----------+
---------------------------------------------------------------------------------
Start Technology Mapping
---------------------------------------------------------------------------------
---------------------------------------------------------------------------------
Finished Technology Mapping : Time (s): cpu = 00:00:51 ; elapsed = 00:01:35 . Memory (MB): peak = 2919.949 ; gain = 1360.211 ; free physical = 1951 ; free virtual = 5203
---------------------------------------------------------------------------------

Report RTL Partitions: 
+-+--------------+------------+----------+
| |RTL Partition |Replication |Instances |
+-+--------------+------------+----------+
+-+--------------+------------+----------+
---------------------------------------------------------------------------------
Start IO Insertion
---------------------------------------------------------------------------------
---------------------------------------------------------------------------------
Start Flattening Before IO Insertion
---------------------------------------------------------------------------------
---------------------------------------------------------------------------------
Finished Flattening Before IO Insertion
---------------------------------------------------------------------------------
---------------------------------------------------------------------------------
Start Final Netlist Cleanup
---------------------------------------------------------------------------------
---------------------------------------------------------------------------------
Finished Final Netlist Cleanup
---------------------------------------------------------------------------------
---------------------------------------------------------------------------------
Finished IO Insertion : Time (s): cpu = 00:00:52 ; elapsed = 00:01:36 . Memory (MB): peak = 2919.949 ; gain = 1360.211 ; free physical = 1951 ; free virtual = 5202
---------------------------------------------------------------------------------

Report Check Netlist: 
+------+------------------+-------+---------+-------+------------------+
|      |Item              |Errors |Warnings |Status |Description       |
+------+------------------+-------+---------+-------+------------------+
|1     |multi_driven_nets |      0|        0|Passed |Multi driven nets |
+------+------------------+-------+---------+-------+------------------+
---------------------------------------------------------------------------------
Start Renaming Generated Instances
---------------------------------------------------------------------------------
---------------------------------------------------------------------------------
Finished Renaming Generated Instances : Time (s): cpu = 00:00:52 ; elapsed = 00:01:36 . Memory (MB): peak = 2919.949 ; gain = 1360.211 ; free physical = 1951 ; free virtual = 5202
---------------------------------------------------------------------------------

Report RTL Partitions: 
+-+--------------+------------+----------+
| |RTL Partition |Replication |Instances |
+-+--------------+------------+----------+
+-+--------------+------------+----------+
---------------------------------------------------------------------------------
Start Rebuilding User Hierarchy
---------------------------------------------------------------------------------
---------------------------------------------------------------------------------
Finished Rebuilding User Hierarchy : Time (s): cpu = 00:00:52 ; elapsed = 00:01:36 . Memory (MB): peak = 2919.949 ; gain = 1360.211 ; free physical = 1951 ; free virtual = 5202
---------------------------------------------------------------------------------
---------------------------------------------------------------------------------
Start Renaming Generated Ports
---------------------------------------------------------------------------------
---------------------------------------------------------------------------------
Finished Renaming Generated Ports : Time (s): cpu = 00:00:52 ; elapsed = 00:01:36 . Memory (MB): peak = 2919.949 ; gain = 1360.211 ; free physical = 1951 ; free virtual = 5202
---------------------------------------------------------------------------------
---------------------------------------------------------------------------------
Start Handling Custom Attributes
---------------------------------------------------------------------------------
---------------------------------------------------------------------------------
Finished Handling Custom Attributes : Time (s): cpu = 00:00:52 ; elapsed = 00:01:36 . Memory (MB): peak = 2919.949 ; gain = 1360.211 ; free physical = 1951 ; free virtual = 5202
---------------------------------------------------------------------------------
---------------------------------------------------------------------------------
Start Renaming Generated Nets
---------------------------------------------------------------------------------
---------------------------------------------------------------------------------
Finished Renaming Generated Nets : Time (s): cpu = 00:00:52 ; elapsed = 00:01:36 . Memory (MB): peak = 2919.949 ; gain = 1360.211 ; free physical = 1951 ; free virtual = 5202
---------------------------------------------------------------------------------
---------------------------------------------------------------------------------
Start Writing Synthesis Report
---------------------------------------------------------------------------------

Report BlackBoxes: 
+-+--------------+----------+
| |BlackBox name |Instances |
+-+--------------+----------+
+-+--------------+----------+

Report Cell Usage: 
+------+-----+------+
|      |Cell |Count |
+------+-----+------+
|1     |LUT1 |     1|
|2     |LUT3 |    73|
|3     |LUT4 |     6|
|4     |LUT5 |     1|
|5     |FDRE |   151|
+------+-----+------+

Report Instance Areas: 
+------+---------------------------+-------------------------------------------------+------+
|      |Instance                   |Module                                           |Cells |
+------+---------------------------+-------------------------------------------------+------+
|1     |top                        |                                                 |   232|
|2     |  inst                     |axis_register_slice_v1_1_16_axis_register_slice  |   232|
|3     |    axisc_register_slice_0 |axis_register_slice_v1_1_16_axisc_register_slice |   230|
+------+---------------------------+-------------------------------------------------+------+
---------------------------------------------------------------------------------
Finished Writing Synthesis Report : Time (s): cpu = 00:00:52 ; elapsed = 00:01:36 . Memory (MB): peak = 2919.949 ; gain = 1360.211 ; free physical = 1951 ; free virtual = 5202
---------------------------------------------------------------------------------
Synthesis finished with 0 errors, 0 critical warnings and 12 warnings.
Synthesis Optimization Runtime : Time (s): cpu = 00:00:40 ; elapsed = 00:01:02 . Memory (MB): peak = 2919.949 ; gain = 442.211 ; free physical = 1990 ; free virtual = 5242
Synthesis Optimization Complete : Time (s): cpu = 00:00:52 ; elapsed = 00:01:36 . Memory (MB): peak = 2919.957 ; gain = 1360.211 ; free physical = 1990 ; free virtual = 5242
INFO: [Project 1-571] Translating synthesized netlist
INFO: [Project 1-570] Preparing netlist for logic optimization
INFO: [Opt 31-138] Pushed 0 inverter(s) to 0 load pin(s).
INFO: [Project 1-111] Unisim Transformation Summary:
No Unisim elements were transformed.

INFO: [Common 17-83] Releasing license: Synthesis
21 Infos, 24 Warnings, 0 Critical Warnings and 0 Errors encountered.
synth_design completed successfully
synth_design: Time (s): cpu = 00:00:53 ; elapsed = 00:01:37 . Memory (MB): peak = 2969.598 ; gain = 1417.863 ; free physical = 1981 ; free virtual = 5233
INFO: [Common 17-1381] The checkpoint '/home/callie/Desktop/xilinxauroratest2/aurora_64b66b_0_ex/aurora_64b66b_0_ex.runs/aurora_64b66b_0_reg_slice_0_synth_1/aurora_64b66b_0_reg_slice_0.dcp' has been generated.
INFO: [Coretcl 2-1482] Added synthesis output to IP cache for IP /home/callie/Desktop/xilinxauroratest2/aurora_64b66b_0_ex/aurora_64b66b_0_ex.srcs/sources_1/ip/aurora_64b66b_0_reg_slice_0/aurora_64b66b_0_reg_slice_0.xci
INFO: [Coretcl 2-1174] Renamed 2 cell refs.
INFO: [Common 17-1381] The checkpoint '/home/callie/Desktop/xilinxauroratest2/aurora_64b66b_0_ex/aurora_64b66b_0_ex.runs/aurora_64b66b_0_reg_slice_0_synth_1/aurora_64b66b_0_reg_slice_0.dcp' has been generated.
INFO: [runtcl-4] Executing : report_utilization -file aurora_64b66b_0_reg_slice_0_utilization_synth.rpt -pb aurora_64b66b_0_reg_slice_0_utilization_synth.pb
report_utilization: Time (s): cpu = 00:00:00.19 ; elapsed = 00:00:00.25 . Memory (MB): peak = 2993.609 ; gain = 0.000 ; free physical = 1981 ; free virtual = 5233
INFO: [Common 17-206] Exiting Vivado at Mon Aug 20 14:15:45 2018...
